E, [2017-11-06T23:28:34.757048 #10056] ERROR -- Kitchen: ------Exception-------
E, [2017-11-06T23:28:34.757120 #10056] ERROR -- Kitchen: Class: Kitchen::UserError
E, [2017-11-06T23:28:34.757137 #10056] ERROR -- Kitchen: Message: Kitchen YAML file /root/nov6-repo/chef-repo/.kitchen.yml does not exist.
E, [2017-11-06T23:28:34.757148 #10056] ERROR -- Kitchen: ----------------------
E, [2017-11-06T23:28:34.757157 #10056] ERROR -- Kitchen: ------Backtrace-------
E, [2017-11-06T23:28:34.757166 #10056] ERROR -- Kitchen: /opt/chefdk/embedded/lib/ruby/gems/2.4.0/gems/test-kitchen-1.17.0/lib/kitchen/loader/yaml.rb:71:in `read'
E, [2017-11-06T23:28:34.757185 #10056] ERROR -- Kitchen: /opt/chefdk/embedded/lib/ruby/gems/2.4.0/gems/test-kitchen-1.17.0/lib/kitchen/config.rb:147:in `data'
E, [2017-11-06T23:28:34.757195 #10056] ERROR -- Kitchen: /opt/chefdk/embedded/lib/ruby/gems/2.4.0/gems/test-kitchen-1.17.0/lib/kitchen/config.rb:126:in `suites'
E, [2017-11-06T23:28:34.757204 #10056] ERROR -- Kitchen: /opt/chefdk/embedded/lib/ruby/gems/2.4.0/gems/test-kitchen-1.17.0/lib/kitchen/config.rb:177:in `filter_instances'
E, [2017-11-06T23:28:34.757212 #10056] ERROR -- Kitchen: /opt/chefdk/embedded/lib/ruby/gems/2.4.0/gems/test-kitchen-1.17.0/lib/kitchen/config.rb:136:in `build_instances'
E, [2017-11-06T23:28:34.757222 #10056] ERROR -- Kitchen: /opt/chefdk/embedded/lib/ruby/gems/2.4.0/gems/test-kitchen-1.17.0/lib/kitchen/config.rb:112:in `instances'
E, [2017-11-06T23:28:34.757230 #10056] ERROR -- Kitchen: /opt/chefdk/embedded/lib/ruby/gems/2.4.0/gems/test-kitchen-1.17.0/lib/kitchen/command.rb:112:in `filtered_instances'
E, [2017-11-06T23:28:34.757239 #10056] ERROR -- Kitchen: /opt/chefdk/embedded/lib/ruby/gems/2.4.0/gems/test-kitchen-1.17.0/lib/kitchen/command.rb:142:in `parse_subcommand'
E, [2017-11-06T23:28:34.757248 #10056] ERROR -- Kitchen: /opt/chefdk/embedded/lib/ruby/gems/2.4.0/gems/test-kitchen-1.17.0/lib/kitchen/command/list.rb:30:in `call'
E, [2017-11-06T23:28:34.757256 #10056] ERROR -- Kitchen: /opt/chefdk/embedded/lib/ruby/gems/2.4.0/gems/test-kitchen-1.17.0/lib/kitchen/cli.rb:53:in `perform'
E, [2017-11-06T23:28:34.757265 #10056] ERROR -- Kitchen: /opt/chefdk/embedded/lib/ruby/gems/2.4.0/gems/test-kitchen-1.17.0/lib/kitchen/cli.rb:121:in `list'
E, [2017-11-06T23:28:34.757274 #10056] ERROR -- Kitchen: /opt/chefdk/embedded/lib/ruby/gems/2.4.0/gems/thor-0.19.1/lib/thor/command.rb:27:in `run'
E, [2017-11-06T23:28:34.757293 #10056] ERROR -- Kitchen: /opt/chefdk/embedded/lib/ruby/gems/2.4.0/gems/thor-0.19.1/lib/thor/invocation.rb:126:in `invoke_command'
E, [2017-11-06T23:28:34.757301 #10056] ERROR -- Kitchen: /opt/chefdk/embedded/lib/ruby/gems/2.4.0/gems/test-kitchen-1.17.0/lib/kitchen/cli.rb:334:in `invoke_task'
E, [2017-11-06T23:28:34.757310 #10056] ERROR -- Kitchen: /opt/chefdk/embedded/lib/ruby/gems/2.4.0/gems/thor-0.19.1/lib/thor.rb:359:in `dispatch'
E, [2017-11-06T23:28:34.757319 #10056] ERROR -- Kitchen: /opt/chefdk/embedded/lib/ruby/gems/2.4.0/gems/thor-0.19.1/lib/thor/base.rb:440:in `start'
E, [2017-11-06T23:28:34.757327 #10056] ERROR -- Kitchen: /opt/chefdk/embedded/lib/ruby/gems/2.4.0/gems/test-kitchen-1.17.0/bin/kitchen:13:in `block in <top (required)>'
E, [2017-11-06T23:28:34.757336 #10056] ERROR -- Kitchen: /opt/chefdk/embedded/lib/ruby/gems/2.4.0/gems/test-kitchen-1.17.0/lib/kitchen/errors.rb:171:in `with_friendly_errors'
E, [2017-11-06T23:28:34.757345 #10056] ERROR -- Kitchen: /opt/chefdk/embedded/lib/ruby/gems/2.4.0/gems/test-kitchen-1.17.0/bin/kitchen:13:in `<top (required)>'
E, [2017-11-06T23:28:34.757353 #10056] ERROR -- Kitchen: /bin/kitchen:267:in `load'
E, [2017-11-06T23:28:34.757361 #10056] ERROR -- Kitchen: /bin/kitchen:267:in `<main>'
E, [2017-11-06T23:28:34.757369 #10056] ERROR -- Kitchen: ----End Backtrace-----
